{"/Users/danielwork/Documents/GitHub/makers/final_project/spec/block_spec.js":{"path":"/Users/danielwork/Documents/GitHub/makers/final_project/spec/block_spec.js","s":{"1":1,"2":1,"3":1,"4":1,"5":7,"6":7,"7":1,"8":14,"9":14,"10":14,"11":1,"12":7,"13":7,"14":4,"15":7,"16":2,"17":2,"18":2,"19":2,"20":7,"21":7,"22":7,"23":1,"24":1,"25":1,"26":1,"27":1,"28":1,"29":1,"30":1,"31":1,"32":1,"33":1,"34":1,"35":1,"36":1,"37":1,"38":1,"39":1,"40":1,"41":1,"42":1,"43":1,"44":1},"b":{},"f":{"1":1,"2":7,"3":14,"4":7,"5":4,"6":2,"7":1,"8":1,"9":1,"10":1,"11":1,"12":1,"13":1},"fnMap":{"1":{"name":"(anonymous_1)","line":4,"loc":{"start":{"line":4,"column":27},"end":{"line":4,"column":38}}},"2":{"name":"(anonymous_2)","line":6,"loc":{"start":{"line":6,"column":13},"end":{"line":6,"column":24}}},"3":{"name":"Prescription","line":10,"loc":{"start":{"line":10,"column":4},"end":{"line":10,"column":89}}},"4":{"name":"Blockchain","line":16,"loc":{"start":{"line":16,"column":4},"end":{"line":16,"column":26}}},"5":{"name":"(anonymous_5)","line":20,"loc":{"start":{"line":20,"column":41},"end":{"line":20,"column":52}}},"6":{"name":"(anonymous_6)","line":24,"loc":{"start":{"line":24,"column":36},"end":{"line":24,"column":55}}},"7":{"name":"(anonymous_7)","line":35,"loc":{"start":{"line":35,"column":48},"end":{"line":35,"column":59}}},"8":{"name":"(anonymous_8)","line":39,"loc":{"start":{"line":39,"column":47},"end":{"line":39,"column":59}}},"9":{"name":"(anonymous_9)","line":43,"loc":{"start":{"line":43,"column":41},"end":{"line":43,"column":53}}},"10":{"name":"(anonymous_10)","line":47,"loc":{"start":{"line":47,"column":47},"end":{"line":47,"column":58}}},"11":{"name":"(anonymous_11)","line":51,"loc":{"start":{"line":51,"column":91},"end":{"line":51,"column":102}}},"12":{"name":"(anonymous_12)","line":60,"loc":{"start":{"line":60,"column":46},"end":{"line":60,"column":56}}},"13":{"name":"(anonymous_13)","line":66,"loc":{"start":{"line":66,"column":50},"end":{"line":66,"column":60}}}},"statementMap":{"1":{"start":{"line":1,"column":0},"end":{"line":1,"column":39}},"2":{"start":{"line":2,"column":0},"end":{"line":2,"column":41}},"3":{"start":{"line":4,"column":0},"end":{"line":70,"column":3}},"4":{"start":{"line":6,"column":2},"end":{"line":33,"column":5}},"5":{"start":{"line":7,"column":4},"end":{"line":7,"column":61}},"6":{"start":{"line":8,"column":4},"end":{"line":8,"column":53}},"7":{"start":{"line":10,"column":4},"end":{"line":14,"column":5}},"8":{"start":{"line":11,"column":6},"end":{"line":11,"column":33}},"9":{"start":{"line":12,"column":6},"end":{"line":12,"column":31}},"10":{"start":{"line":13,"column":6},"end":{"line":13,"column":39}},"11":{"start":{"line":16,"column":4},"end":{"line":18,"column":5}},"12":{"start":{"line":17,"column":6},"end":{"line":17,"column":57}},"13":{"start":{"line":20,"column":4},"end":{"line":22,"column":6}},"14":{"start":{"line":21,"column":6},"end":{"line":21,"column":47}},"15":{"start":{"line":24,"column":4},"end":{"line":29,"column":6}},"16":{"start":{"line":25,"column":6},"end":{"line":25,"column":56}},"17":{"start":{"line":26,"column":6},"end":{"line":26,"column":54}},"18":{"start":{"line":27,"column":6},"end":{"line":27,"column":47}},"19":{"start":{"line":28,"column":6},"end":{"line":28,"column":32}},"20":{"start":{"line":30,"column":4},"end":{"line":30,"column":29}},"21":{"start":{"line":31,"column":4},"end":{"line":31,"column":38}},"22":{"start":{"line":32,"column":4},"end":{"line":32,"column":46}},"23":{"start":{"line":35,"column":2},"end":{"line":37,"column":5}},"24":{"start":{"line":36,"column":4},"end":{"line":36,"column":62}},"25":{"start":{"line":39,"column":2},"end":{"line":41,"column":5}},"26":{"start":{"line":40,"column":4},"end":{"line":40,"column":64}},"27":{"start":{"line":43,"column":2},"end":{"line":45,"column":5}},"28":{"start":{"line":44,"column":4},"end":{"line":44,"column":68}},"29":{"start":{"line":47,"column":2},"end":{"line":49,"column":5}},"30":{"start":{"line":48,"column":4},"end":{"line":48,"column":50}},"31":{"start":{"line":51,"column":2},"end":{"line":58,"column":5}},"32":{"start":{"line":52,"column":4},"end":{"line":52,"column":39}},"33":{"start":{"line":53,"column":4},"end":{"line":53,"column":21}},"34":{"start":{"line":54,"column":4},"end":{"line":54,"column":32}},"35":{"start":{"line":55,"column":4},"end":{"line":55,"column":45}},"36":{"start":{"line":56,"column":4},"end":{"line":56,"column":67}},"37":{"start":{"line":57,"column":4},"end":{"line":57,"column":56}},"38":{"start":{"line":60,"column":2},"end":{"line":64,"column":5}},"39":{"start":{"line":61,"column":4},"end":{"line":61,"column":30}},"40":{"start":{"line":62,"column":4},"end":{"line":62,"column":50}},"41":{"start":{"line":63,"column":4},"end":{"line":63,"column":64}},"42":{"start":{"line":66,"column":2},"end":{"line":69,"column":5}},"43":{"start":{"line":67,"column":4},"end":{"line":67,"column":27}},"44":{"start":{"line":68,"column":4},"end":{"line":68,"column":58}}},"branchMap":{}},"/Users/danielwork/Documents/GitHub/makers/final_project/src/block.js":{"path":"/Users/danielwork/Documents/GitHub/makers/final_project/src/block.js","s":{"1":1,"2":1,"3":52,"4":52,"5":52,"6":52,"7":52,"8":52,"9":14103,"10":18,"11":14045,"12":14045,"13":1,"14":52,"15":1},"b":{},"f":{"1":52,"2":14103,"3":18,"4":52},"fnMap":{"1":{"name":"(anonymous_1)","line":5,"loc":{"start":{"line":5,"column":13},"end":{"line":5,"column":47}}},"2":{"name":"(anonymous_2)","line":14,"loc":{"start":{"line":14,"column":15},"end":{"line":14,"column":18}}},"3":{"name":"(anonymous_3)","line":18,"loc":{"start":{"line":18,"column":11},"end":{"line":18,"column":24}}},"4":{"name":"currentDate","line":26,"loc":{"start":{"line":26,"column":0},"end":{"line":26,"column":23}}}},"statementMap":{"1":{"start":{"line":1,"column":0},"end":{"line":1,"column":44}},"2":{"start":{"line":2,"column":0},"end":{"line":2,"column":41}},"3":{"start":{"line":6,"column":4},"end":{"line":6,"column":19}},"4":{"start":{"line":7,"column":4},"end":{"line":7,"column":35}},"5":{"start":{"line":8,"column":4},"end":{"line":8,"column":37}},"6":{"start":{"line":9,"column":4},"end":{"line":9,"column":37}},"7":{"start":{"line":10,"column":4},"end":{"line":10,"column":37}},"8":{"start":{"line":11,"column":4},"end":{"line":11,"column":19}},"9":{"start":{"line":15,"column":4},"end":{"line":15,"column":128}},"10":{"start":{"line":19,"column":4},"end":{"line":22,"column":5}},"11":{"start":{"line":20,"column":6},"end":{"line":20,"column":19}},"12":{"start":{"line":21,"column":6},"end":{"line":21,"column":39}},"13":{"start":{"line":26,"column":0},"end":{"line":28,"column":1}},"14":{"start":{"line":27,"column":2},"end":{"line":27,"column":47}},"15":{"start":{"line":30,"column":0},"end":{"line":30,"column":22}}},"branchMap":{}},"/Users/danielwork/Documents/GitHub/makers/final_project/spec/chain_spec.js":{"path":"/Users/danielwork/Documents/GitHub/makers/final_project/spec/chain_spec.js","s":{"1":1,"2":1,"3":1,"4":3,"5":1,"6":3,"7":3,"8":1,"9":3,"10":3,"11":1,"12":3,"13":3,"14":3,"15":1,"16":3,"17":3,"18":3,"19":3,"20":3,"21":3,"22":3,"23":5,"24":3,"25":3,"26":3,"27":2,"28":3,"29":3,"30":3,"31":3,"32":1,"33":1,"34":1,"35":1,"36":1,"37":1,"38":1,"39":1},"b":{},"f":{"1":1,"2":3,"3":3,"4":3,"5":3,"6":3,"7":5,"8":3,"9":2,"10":1,"11":1,"12":1},"fnMap":{"1":{"name":"(anonymous_1)","line":3,"loc":{"start":{"line":3,"column":34},"end":{"line":3,"column":46}}},"2":{"name":"(anonymous_2)","line":5,"loc":{"start":{"line":5,"column":13},"end":{"line":5,"column":24}}},"3":{"name":"Patient","line":8,"loc":{"start":{"line":8,"column":4},"end":{"line":8,"column":45}}},"4":{"name":"Doctor","line":13,"loc":{"start":{"line":13,"column":4},"end":{"line":13,"column":47}}},"5":{"name":"Prescription","line":18,"loc":{"start":{"line":18,"column":4},"end":{"line":18,"column":70}}},"6":{"name":"Block","line":24,"loc":{"start":{"line":24,"column":4},"end":{"line":24,"column":52}}},"7":{"name":"(anonymous_7)","line":33,"loc":{"start":{"line":33,"column":36},"end":{"line":33,"column":47}}},"8":{"name":"(anonymous_8)","line":37,"loc":{"start":{"line":37,"column":34},"end":{"line":37,"column":45}}},"9":{"name":"(anonymous_9)","line":41,"loc":{"start":{"line":41,"column":32},"end":{"line":41,"column":53}}},"10":{"name":"(anonymous_10)","line":51,"loc":{"start":{"line":51,"column":28},"end":{"line":51,"column":39}}},"11":{"name":"(anonymous_11)","line":55,"loc":{"start":{"line":55,"column":21},"end":{"line":55,"column":32}}},"12":{"name":"(anonymous_12)","line":60,"loc":{"start":{"line":60,"column":29},"end":{"line":60,"column":40}}}},"statementMap":{"1":{"start":{"line":1,"column":0},"end":{"line":1,"column":44}},"2":{"start":{"line":3,"column":0},"end":{"line":64,"column":3}},"3":{"start":{"line":5,"column":2},"end":{"line":49,"column":5}},"4":{"start":{"line":6,"column":4},"end":{"line":6,"column":30}},"5":{"start":{"line":8,"column":4},"end":{"line":11,"column":5}},"6":{"start":{"line":9,"column":6},"end":{"line":9,"column":22}},"7":{"start":{"line":10,"column":6},"end":{"line":10,"column":18}},"8":{"start":{"line":13,"column":4},"end":{"line":16,"column":5}},"9":{"start":{"line":14,"column":6},"end":{"line":14,"column":22}},"10":{"start":{"line":15,"column":6},"end":{"line":15,"column":18}},"11":{"start":{"line":18,"column":4},"end":{"line":22,"column":5}},"12":{"start":{"line":19,"column":6},"end":{"line":19,"column":29}},"13":{"start":{"line":20,"column":6},"end":{"line":20,"column":27}},"14":{"start":{"line":21,"column":6},"end":{"line":21,"column":39}},"15":{"start":{"line":24,"column":4},"end":{"line":31,"column":5}},"16":{"start":{"line":25,"column":6},"end":{"line":25,"column":21}},"17":{"start":{"line":26,"column":6},"end":{"line":26,"column":42}},"18":{"start":{"line":27,"column":6},"end":{"line":27,"column":39}},"19":{"start":{"line":28,"column":6},"end":{"line":28,"column":39}},"20":{"start":{"line":29,"column":6},"end":{"line":29,"column":39}},"21":{"start":{"line":30,"column":6},"end":{"line":30,"column":21}},"22":{"start":{"line":33,"column":4},"end":{"line":35,"column":6}},"23":{"start":{"line":34,"column":6},"end":{"line":34,"column":25}},"24":{"start":{"line":37,"column":4},"end":{"line":39,"column":6}},"25":{"start":{"line":38,"column":6},"end":{"line":38,"column":23}},"26":{"start":{"line":41,"column":4},"end":{"line":43,"column":6}},"27":{"start":{"line":42,"column":6},"end":{"line":42,"column":39}},"28":{"start":{"line":45,"column":4},"end":{"line":45,"column":28}},"29":{"start":{"line":46,"column":4},"end":{"line":46,"column":26}},"30":{"start":{"line":47,"column":4},"end":{"line":47,"column":53}},"31":{"start":{"line":48,"column":4},"end":{"line":48,"column":36}},"32":{"start":{"line":51,"column":2},"end":{"line":53,"column":5}},"33":{"start":{"line":52,"column":4},"end":{"line":52,"column":61}},"34":{"start":{"line":55,"column":2},"end":{"line":58,"column":5}},"35":{"start":{"line":56,"column":4},"end":{"line":56,"column":26}},"36":{"start":{"line":57,"column":4},"end":{"line":57,"column":42}},"37":{"start":{"line":60,"column":2},"end":{"line":63,"column":5}},"38":{"start":{"line":61,"column":4},"end":{"line":61,"column":26}},"39":{"start":{"line":62,"column":4},"end":{"line":62,"column":49}}},"branchMap":{}},"/Users/danielwork/Documents/GitHub/makers/final_project/src/blockChain.js":{"path":"/Users/danielwork/Documents/GitHub/makers/final_project/src/blockChain.js","s":{"1":1,"2":1,"3":11,"4":11,"5":12,"6":39,"7":19,"8":19,"9":19,"10":19,"11":1},"b":{},"f":{"1":11,"2":12,"3":39,"4":19},"fnMap":{"1":{"name":"(anonymous_1)","line":5,"loc":{"start":{"line":5,"column":13},"end":{"line":5,"column":16}}},"2":{"name":"(anonymous_2)","line":10,"loc":{"start":{"line":10,"column":18},"end":{"line":10,"column":21}}},"3":{"name":"(anonymous_3)","line":14,"loc":{"start":{"line":14,"column":15},"end":{"line":14,"column":18}}},"4":{"name":"(anonymous_4)","line":18,"loc":{"start":{"line":18,"column":10},"end":{"line":18,"column":21}}}},"statementMap":{"1":{"start":{"line":1,"column":0},"end":{"line":1,"column":36}},"2":{"start":{"line":2,"column":0},"end":{"line":2,"column":50}},"3":{"start":{"line":6,"column":4},"end":{"line":6,"column":43}},"4":{"start":{"line":7,"column":4},"end":{"line":7,"column":23}},"5":{"start":{"line":11,"column":4},"end":{"line":11,"column":146}},"6":{"start":{"line":15,"column":4},"end":{"line":15,"column":45}},"7":{"start":{"line":19,"column":4},"end":{"line":19,"column":54}},"8":{"start":{"line":20,"column":4},"end":{"line":20,"column":52}},"9":{"start":{"line":21,"column":4},"end":{"line":21,"column":40}},"10":{"start":{"line":22,"column":4},"end":{"line":22,"column":30}},"11":{"start":{"line":26,"column":0},"end":{"line":26,"column":27}}},"branchMap":{}},"/Users/danielwork/Documents/GitHub/makers/final_project/src/prescription.js":{"path":"/Users/danielwork/Documents/GitHub/makers/final_project/src/prescription.js","s":{"1":1,"2":1,"3":1,"4":29,"5":29,"6":29,"7":1},"b":{},"f":{"1":29},"fnMap":{"1":{"name":"(anonymous_1)","line":6,"loc":{"start":{"line":6,"column":13},"end":{"line":6,"column":54}}}},"statementMap":{"1":{"start":{"line":1,"column":0},"end":{"line":1,"column":40}},"2":{"start":{"line":2,"column":0},"end":{"line":2,"column":46}},"3":{"start":{"line":3,"column":0},"end":{"line":3,"column":38}},"4":{"start":{"line":7,"column":4},"end":{"line":7,"column":41}},"5":{"start":{"line":8,"column":4},"end":{"line":8,"column":44}},"6":{"start":{"line":9,"column":4},"end":{"line":9,"column":37}},"7":{"start":{"line":12,"column":0},"end":{"line":12,"column":30}}},"branchMap":{}},"/Users/danielwork/Documents/GitHub/makers/final_project/src/patient.js":{"path":"/Users/danielwork/Documents/GitHub/makers/final_project/src/patient.js","s":{"1":30,"2":30,"3":1},"b":{},"f":{"1":30},"fnMap":{"1":{"name":"(anonymous_1)","line":2,"loc":{"start":{"line":2,"column":13},"end":{"line":2,"column":24}}}},"statementMap":{"1":{"start":{"line":3,"column":4},"end":{"line":3,"column":21}},"2":{"start":{"line":4,"column":4},"end":{"line":4,"column":17}},"3":{"start":{"line":7,"column":0},"end":{"line":7,"column":25}}},"branchMap":{}},"/Users/danielwork/Documents/GitHub/makers/final_project/src/pharmacist.js":{"path":"/Users/danielwork/Documents/GitHub/makers/final_project/src/pharmacist.js","s":{"1":1,"2":1,"3":1},"b":{},"f":{"1":1},"fnMap":{"1":{"name":"(anonymous_1)","line":2,"loc":{"start":{"line":2,"column":13},"end":{"line":2,"column":24}}}},"statementMap":{"1":{"start":{"line":3,"column":4},"end":{"line":3,"column":21}},"2":{"start":{"line":4,"column":4},"end":{"line":4,"column":17}},"3":{"start":{"line":7,"column":0},"end":{"line":7,"column":28}}},"branchMap":{}},"/Users/danielwork/Documents/GitHub/makers/final_project/src/doctor.js":{"path":"/Users/danielwork/Documents/GitHub/makers/final_project/src/doctor.js","s":{"1":30,"2":30,"3":1},"b":{},"f":{"1":30},"fnMap":{"1":{"name":"(anonymous_1)","line":2,"loc":{"start":{"line":2,"column":13},"end":{"line":2,"column":24}}}},"statementMap":{"1":{"start":{"line":3,"column":4},"end":{"line":3,"column":21}},"2":{"start":{"line":4,"column":4},"end":{"line":4,"column":17}},"3":{"start":{"line":7,"column":0},"end":{"line":7,"column":24}}},"branchMap":{}},"/Users/danielwork/Documents/GitHub/makers/final_project/spec/chainChecker_spec.js":{"path":"/Users/danielwork/Documents/GitHub/makers/final_project/spec/chainChecker_spec.js","s":{"1":1,"2":1,"3":1,"4":1,"5":8,"6":8,"7":8,"8":4,"9":12,"10":4,"11":4,"12":1,"13":4,"14":4,"15":4,"16":4,"17":1,"18":1,"19":1,"20":1,"21":1,"22":1,"23":1,"24":1,"25":1,"26":1,"27":1,"28":1,"29":1,"30":1},"b":{},"f":{"1":1,"2":4,"3":8,"4":12,"5":4,"6":1,"7":1,"8":1,"9":1,"10":1,"11":1,"12":1},"fnMap":{"1":{"name":"(anonymous_1)","line":3,"loc":{"start":{"line":3,"column":31},"end":{"line":3,"column":41}}},"2":{"name":"(anonymous_2)","line":4,"loc":{"start":{"line":4,"column":13},"end":{"line":4,"column":23}}},"3":{"name":"Block","line":5,"loc":{"start":{"line":5,"column":4},"end":{"line":5,"column":46}}},"4":{"name":"(anonymous_4)","line":10,"loc":{"start":{"line":10,"column":36},"end":{"line":10,"column":47}}},"5":{"name":"Blockchain","line":16,"loc":{"start":{"line":16,"column":4},"end":{"line":16,"column":26}}},"6":{"name":"(anonymous_6)","line":24,"loc":{"start":{"line":24,"column":76},"end":{"line":24,"column":86}}},"7":{"name":"(anonymous_7)","line":26,"loc":{"start":{"line":26,"column":13},"end":{"line":26,"column":24}}},"8":{"name":"(anonymous_8)","line":31,"loc":{"start":{"line":31,"column":81},"end":{"line":31,"column":91}}},"9":{"name":"(anonymous_9)","line":33,"loc":{"start":{"line":33,"column":13},"end":{"line":33,"column":24}}},"10":{"name":"(anonymous_10)","line":38,"loc":{"start":{"line":38,"column":73},"end":{"line":38,"column":83}}},"11":{"name":"(anonymous_11)","line":40,"loc":{"start":{"line":40,"column":13},"end":{"line":40,"column":24}}},"12":{"name":"(anonymous_12)","line":45,"loc":{"start":{"line":45,"column":66},"end":{"line":45,"column":76}}}},"statementMap":{"1":{"start":{"line":1,"column":0},"end":{"line":1,"column":53}},"2":{"start":{"line":3,"column":0},"end":{"line":48,"column":2}},"3":{"start":{"line":4,"column":2},"end":{"line":22,"column":4}},"4":{"start":{"line":5,"column":4},"end":{"line":9,"column":5}},"5":{"start":{"line":6,"column":6},"end":{"line":6,"column":39}},"6":{"start":{"line":7,"column":6},"end":{"line":7,"column":39}},"7":{"start":{"line":8,"column":6},"end":{"line":8,"column":21}},"8":{"start":{"line":10,"column":4},"end":{"line":12,"column":6}},"9":{"start":{"line":11,"column":6},"end":{"line":11,"column":24}},"10":{"start":{"line":13,"column":4},"end":{"line":13,"column":24}},"11":{"start":{"line":14,"column":4},"end":{"line":14,"column":35}},"12":{"start":{"line":16,"column":4},"end":{"line":19,"column":5}},"13":{"start":{"line":17,"column":6},"end":{"line":17,"column":35}},"14":{"start":{"line":18,"column":6},"end":{"line":18,"column":25}},"15":{"start":{"line":20,"column":4},"end":{"line":20,"column":29}},"16":{"start":{"line":21,"column":4},"end":{"line":21,"column":51}},"17":{"start":{"line":24,"column":4},"end":{"line":29,"column":6}},"18":{"start":{"line":25,"column":6},"end":{"line":25,"column":34}},"19":{"start":{"line":26,"column":6},"end":{"line":28,"column":37}},"20":{"start":{"line":27,"column":8},"end":{"line":27,"column":45}},"21":{"start":{"line":31,"column":4},"end":{"line":36,"column":6}},"22":{"start":{"line":32,"column":6},"end":{"line":32,"column":42}},"23":{"start":{"line":33,"column":6},"end":{"line":35,"column":37}},"24":{"start":{"line":34,"column":8},"end":{"line":34,"column":45}},"25":{"start":{"line":38,"column":4},"end":{"line":43,"column":6}},"26":{"start":{"line":39,"column":6},"end":{"line":39,"column":32}},"27":{"start":{"line":40,"column":6},"end":{"line":42,"column":37}},"28":{"start":{"line":41,"column":8},"end":{"line":41,"column":45}},"29":{"start":{"line":45,"column":4},"end":{"line":47,"column":6}},"30":{"start":{"line":46,"column":6},"end":{"line":46,"column":64}}},"branchMap":{}},"/Users/danielwork/Documents/GitHub/makers/final_project/src/chainChecker.js":{"path":"/Users/danielwork/Documents/GitHub/makers/final_project/src/chainChecker.js","s":{"1":1,"2":6,"3":7,"4":7,"5":7,"6":2,"7":5,"8":1,"9":4,"10":1,"11":2,"12":1},"b":{"1":[2,5],"2":[1,4],"3":[1,3]},"f":{"1":12,"2":6},"fnMap":{"1":{"name":"(anonymous_1)","line":5,"loc":{"start":{"line":5,"column":13},"end":{"line":5,"column":16}}},"2":{"name":"(anonymous_2)","line":7,"loc":{"start":{"line":7,"column":18},"end":{"line":7,"column":26}}}},"statementMap":{"1":{"start":{"line":1,"column":0},"end":{"line":1,"column":40}},"2":{"start":{"line":8,"column":4},"end":{"line":23,"column":5}},"3":{"start":{"line":9,"column":6},"end":{"line":9,"column":42}},"4":{"start":{"line":10,"column":6},"end":{"line":10,"column":47}},"5":{"start":{"line":12,"column":6},"end":{"line":14,"column":7}},"6":{"start":{"line":13,"column":8},"end":{"line":13,"column":33}},"7":{"start":{"line":16,"column":6},"end":{"line":18,"column":7}},"8":{"start":{"line":17,"column":8},"end":{"line":17,"column":33}},"9":{"start":{"line":20,"column":6},"end":{"line":22,"column":7}},"10":{"start":{"line":21,"column":8},"end":{"line":21,"column":33}},"11":{"start":{"line":24,"column":4},"end":{"line":24,"column":16}},"12":{"start":{"line":28,"column":0},"end":{"line":28,"column":36}}},"branchMap":{"1":{"line":12,"type":"if","locations":[{"start":{"line":12,"column":6},"end":{"line":12,"column":6}},{"start":{"line":12,"column":6},"end":{"line":12,"column":6}}]},"2":{"line":16,"type":"if","locations":[{"start":{"line":16,"column":6},"end":{"line":16,"column":6}},{"start":{"line":16,"column":6},"end":{"line":16,"column":6}}]},"3":{"line":20,"type":"if","locations":[{"start":{"line":20,"column":6},"end":{"line":20,"column":6}},{"start":{"line":20,"column":6},"end":{"line":20,"column":6}}]}}},"/Users/danielwork/Documents/GitHub/makers/final_project/spec/doctor_spec.js":{"path":"/Users/danielwork/Documents/GitHub/makers/final_project/spec/doctor_spec.js","s":{"1":1,"2":1,"3":1,"4":1,"5":1,"6":1,"7":1},"b":{},"f":{"1":1,"2":1,"3":1},"fnMap":{"1":{"name":"(anonymous_1)","line":3,"loc":{"start":{"line":3,"column":34},"end":{"line":3,"column":45}}},"2":{"name":"(anonymous_2)","line":5,"loc":{"start":{"line":5,"column":13},"end":{"line":5,"column":24}}},"3":{"name":"(anonymous_3)","line":9,"loc":{"start":{"line":9,"column":69},"end":{"line":9,"column":80}}}},"statementMap":{"1":{"start":{"line":1,"column":0},"end":{"line":1,"column":41}},"2":{"start":{"line":3,"column":0},"end":{"line":13,"column":3}},"3":{"start":{"line":5,"column":2},"end":{"line":7,"column":5}},"4":{"start":{"line":6,"column":4},"end":{"line":6,"column":41}},"5":{"start":{"line":9,"column":2},"end":{"line":12,"column":5}},"6":{"start":{"line":10,"column":4},"end":{"line":10,"column":39}},"7":{"start":{"line":11,"column":4},"end":{"line":11,"column":40}}},"branchMap":{}},"/Users/danielwork/Documents/GitHub/makers/final_project/spec/integration_spec.js":{"path":"/Users/danielwork/Documents/GitHub/makers/final_project/spec/integration_spec.js","s":{"1":1,"2":1,"3":1,"4":1,"5":1,"6":1,"7":1,"8":1,"9":8,"10":8,"11":8,"12":8,"13":8,"14":8,"15":8,"16":8,"17":8,"18":8,"19":1,"20":1,"21":1,"22":1,"23":1,"24":1,"25":1,"26":1,"27":1,"28":1,"29":1,"30":1,"31":1,"32":1,"33":1,"34":1,"35":1,"36":1,"37":1,"38":1,"39":1,"40":1,"41":1,"42":1,"43":1,"44":1,"45":1,"46":1,"47":1},"b":{},"f":{"1":1,"2":8,"3":1,"4":1,"5":1,"6":1,"7":1,"8":1,"9":1,"10":1,"11":1,"12":1,"13":1,"14":1,"15":1,"16":1,"17":1,"18":1},"fnMap":{"1":{"name":"(anonymous_1)","line":8,"loc":{"start":{"line":8,"column":34},"end":{"line":8,"column":45}}},"2":{"name":"(anonymous_2)","line":10,"loc":{"start":{"line":10,"column":13},"end":{"line":10,"column":24}}},"3":{"name":"(anonymous_3)","line":23,"loc":{"start":{"line":23,"column":45},"end":{"line":23,"column":56}}},"4":{"name":"(anonymous_4)","line":25,"loc":{"start":{"line":25,"column":48},"end":{"line":25,"column":58}}},"5":{"name":"(anonymous_5)","line":30,"loc":{"start":{"line":30,"column":54},"end":{"line":30,"column":65}}},"6":{"name":"(anonymous_6)","line":32,"loc":{"start":{"line":32,"column":41},"end":{"line":32,"column":52}}},"7":{"name":"(anonymous_7)","line":36,"loc":{"start":{"line":36,"column":43},"end":{"line":36,"column":54}}},"8":{"name":"(anonymous_8)","line":39,"loc":{"start":{"line":39,"column":13},"end":{"line":39,"column":24}}},"9":{"name":"(anonymous_9)","line":45,"loc":{"start":{"line":45,"column":50},"end":{"line":45,"column":61}}},"10":{"name":"(anonymous_10)","line":47,"loc":{"start":{"line":47,"column":53},"end":{"line":47,"column":64}}},"11":{"name":"(anonymous_11)","line":51,"loc":{"start":{"line":51,"column":62},"end":{"line":51,"column":73}}},"12":{"name":"(anonymous_12)","line":52,"loc":{"start":{"line":52,"column":13},"end":{"line":52,"column":24}}},"13":{"name":"(anonymous_13)","line":57,"loc":{"start":{"line":57,"column":61},"end":{"line":57,"column":72}}},"14":{"name":"(anonymous_14)","line":61,"loc":{"start":{"line":61,"column":60},"end":{"line":61,"column":71}}},"15":{"name":"(anonymous_15)","line":62,"loc":{"start":{"line":62,"column":13},"end":{"line":62,"column":24}}},"16":{"name":"(anonymous_16)","line":68,"loc":{"start":{"line":68,"column":43},"end":{"line":68,"column":53}}},"17":{"name":"(anonymous_17)","line":70,"loc":{"start":{"line":70,"column":15},"end":{"line":70,"column":25}}},"18":{"name":"(anonymous_18)","line":76,"loc":{"start":{"line":76,"column":47},"end":{"line":76,"column":57}}}},"statementMap":{"1":{"start":{"line":1,"column":0},"end":{"line":1,"column":39}},"2":{"start":{"line":2,"column":0},"end":{"line":2,"column":44}},"3":{"start":{"line":3,"column":0},"end":{"line":3,"column":53}},"4":{"start":{"line":4,"column":0},"end":{"line":4,"column":53}},"5":{"start":{"line":5,"column":0},"end":{"line":5,"column":65}},"6":{"start":{"line":6,"column":0},"end":{"line":6,"column":41}},"7":{"start":{"line":8,"column":0},"end":{"line":80,"column":3}},"8":{"start":{"line":10,"column":2},"end":{"line":21,"column":5}},"9":{"start":{"line":11,"column":4},"end":{"line":11,"column":53}},"10":{"start":{"line":12,"column":4},"end":{"line":12,"column":30}},"11":{"start":{"line":13,"column":4},"end":{"line":13,"column":51}},"12":{"start":{"line":14,"column":4},"end":{"line":14,"column":57}},"13":{"start":{"line":15,"column":4},"end":{"line":15,"column":68}},"14":{"start":{"line":16,"column":4},"end":{"line":16,"column":69}},"15":{"start":{"line":17,"column":4},"end":{"line":17,"column":47}},"16":{"start":{"line":18,"column":4},"end":{"line":18,"column":48}},"17":{"start":{"line":19,"column":4},"end":{"line":19,"column":30}},"18":{"start":{"line":20,"column":4},"end":{"line":20,"column":31}},"19":{"start":{"line":23,"column":2},"end":{"line":28,"column":5}},"20":{"start":{"line":25,"column":4},"end":{"line":27,"column":7}},"21":{"start":{"line":26,"column":6},"end":{"line":26,"column":66}},"22":{"start":{"line":30,"column":2},"end":{"line":43,"column":5}},"23":{"start":{"line":32,"column":4},"end":{"line":34,"column":7}},"24":{"start":{"line":33,"column":6},"end":{"line":33,"column":62}},"25":{"start":{"line":36,"column":4},"end":{"line":42,"column":7}},"26":{"start":{"line":37,"column":6},"end":{"line":37,"column":51}},"27":{"start":{"line":38,"column":6},"end":{"line":38,"column":49}},"28":{"start":{"line":39,"column":6},"end":{"line":41,"column":37}},"29":{"start":{"line":40,"column":8},"end":{"line":40,"column":45}},"30":{"start":{"line":45,"column":2},"end":{"line":66,"column":5}},"31":{"start":{"line":47,"column":4},"end":{"line":49,"column":7}},"32":{"start":{"line":48,"column":6},"end":{"line":48,"column":112}},"33":{"start":{"line":51,"column":4},"end":{"line":55,"column":7}},"34":{"start":{"line":52,"column":6},"end":{"line":54,"column":59}},"35":{"start":{"line":53,"column":8},"end":{"line":53,"column":71}},"36":{"start":{"line":57,"column":4},"end":{"line":59,"column":7}},"37":{"start":{"line":58,"column":6},"end":{"line":58,"column":114}},"38":{"start":{"line":61,"column":4},"end":{"line":65,"column":7}},"39":{"start":{"line":62,"column":6},"end":{"line":64,"column":52}},"40":{"start":{"line":63,"column":8},"end":{"line":63,"column":70}},"41":{"start":{"line":68,"column":2},"end":{"line":79,"column":5}},"42":{"start":{"line":70,"column":4},"end":{"line":74,"column":7}},"43":{"start":{"line":71,"column":6},"end":{"line":71,"column":54}},"44":{"start":{"line":72,"column":6},"end":{"line":72,"column":27}},"45":{"start":{"line":73,"column":6},"end":{"line":73,"column":37}},"46":{"start":{"line":76,"column":4},"end":{"line":78,"column":7}},"47":{"start":{"line":77,"column":6},"end":{"line":77,"column":65}}},"branchMap":{}},"/Users/danielwork/Documents/GitHub/makers/final_project/src/prescriptionFinder.js":{"path":"/Users/danielwork/Documents/GitHub/makers/final_project/src/prescriptionFinder.js","s":{"1":1,"2":4,"3":4,"4":6,"5":6,"6":3,"7":4,"8":2,"9":2,"10":4,"11":4,"12":6,"13":6,"14":3,"15":4,"16":2,"17":2,"18":1},"b":{"1":[3,3],"2":[2,2],"3":[3,3],"4":[2,2]},"f":{"1":12,"2":4,"3":4},"fnMap":{"1":{"name":"(anonymous_1)","line":5,"loc":{"start":{"line":5,"column":13},"end":{"line":5,"column":16}}},"2":{"name":"(anonymous_2)","line":7,"loc":{"start":{"line":7,"column":26},"end":{"line":7,"column":52}}},"3":{"name":"(anonymous_3)","line":21,"loc":{"start":{"line":21,"column":25},"end":{"line":21,"column":50}}}},"statementMap":{"1":{"start":{"line":1,"column":0},"end":{"line":1,"column":45}},"2":{"start":{"line":8,"column":4},"end":{"line":8,"column":26}},"3":{"start":{"line":9,"column":4},"end":{"line":14,"column":5}},"4":{"start":{"line":10,"column":6},"end":{"line":10,"column":58}},"5":{"start":{"line":11,"column":6},"end":{"line":13,"column":7}},"6":{"start":{"line":12,"column":8},"end":{"line":12,"column":41}},"7":{"start":{"line":15,"column":4},"end":{"line":17,"column":5}},"8":{"start":{"line":16,"column":6},"end":{"line":16,"column":53}},"9":{"start":{"line":18,"column":4},"end":{"line":18,"column":24}},"10":{"start":{"line":22,"column":4},"end":{"line":22,"column":32}},"11":{"start":{"line":23,"column":4},"end":{"line":28,"column":5}},"12":{"start":{"line":24,"column":6},"end":{"line":24,"column":58}},"13":{"start":{"line":25,"column":6},"end":{"line":27,"column":7}},"14":{"start":{"line":26,"column":8},"end":{"line":26,"column":47}},"15":{"start":{"line":29,"column":4},"end":{"line":31,"column":5}},"16":{"start":{"line":30,"column":6},"end":{"line":30,"column":46}},"17":{"start":{"line":32,"column":4},"end":{"line":32,"column":30}},"18":{"start":{"line":36,"column":0},"end":{"line":36,"column":24}}},"branchMap":{"1":{"line":11,"type":"if","locations":[{"start":{"line":11,"column":6},"end":{"line":11,"column":6}},{"start":{"line":11,"column":6},"end":{"line":11,"column":6}}]},"2":{"line":15,"type":"if","locations":[{"start":{"line":15,"column":4},"end":{"line":15,"column":4}},{"start":{"line":15,"column":4},"end":{"line":15,"column":4}}]},"3":{"line":25,"type":"if","locations":[{"start":{"line":25,"column":6},"end":{"line":25,"column":6}},{"start":{"line":25,"column":6},"end":{"line":25,"column":6}}]},"4":{"line":29,"type":"if","locations":[{"start":{"line":29,"column":4},"end":{"line":29,"column":4}},{"start":{"line":29,"column":4},"end":{"line":29,"column":4}}]}}},"/Users/danielwork/Documents/GitHub/makers/final_project/spec/patient_spec.js":{"path":"/Users/danielwork/Documents/GitHub/makers/final_project/spec/patient_spec.js","s":{"1":1,"2":1,"3":1,"4":1,"5":1,"6":1,"7":1},"b":{},"f":{"1":1,"2":1,"3":1},"fnMap":{"1":{"name":"(anonymous_1)","line":3,"loc":{"start":{"line":3,"column":45},"end":{"line":3,"column":57}}},"2":{"name":"(anonymous_2)","line":5,"loc":{"start":{"line":5,"column":13},"end":{"line":5,"column":25}}},"3":{"name":"(anonymous_3)","line":9,"loc":{"start":{"line":9,"column":59},"end":{"line":9,"column":71}}}},"statementMap":{"1":{"start":{"line":1,"column":0},"end":{"line":1,"column":43}},"2":{"start":{"line":3,"column":0},"end":{"line":13,"column":3}},"3":{"start":{"line":5,"column":2},"end":{"line":7,"column":5}},"4":{"start":{"line":6,"column":4},"end":{"line":6,"column":43}},"5":{"start":{"line":9,"column":2},"end":{"line":12,"column":5}},"6":{"start":{"line":10,"column":4},"end":{"line":10,"column":40}},"7":{"start":{"line":11,"column":4},"end":{"line":11,"column":41}}},"branchMap":{}},"/Users/danielwork/Documents/GitHub/makers/final_project/spec/pharmacist_spec.js":{"path":"/Users/danielwork/Documents/GitHub/makers/final_project/spec/pharmacist_spec.js","s":{"1":1,"2":1,"3":1,"4":1,"5":1,"6":1,"7":1},"b":{},"f":{"1":1,"2":1,"3":1},"fnMap":{"1":{"name":"(anonymous_1)","line":3,"loc":{"start":{"line":3,"column":38},"end":{"line":3,"column":49}}},"2":{"name":"(anonymous_2)","line":5,"loc":{"start":{"line":5,"column":13},"end":{"line":5,"column":24}}},"3":{"name":"(anonymous_3)","line":9,"loc":{"start":{"line":9,"column":63},"end":{"line":9,"column":74}}}},"statementMap":{"1":{"start":{"line":1,"column":0},"end":{"line":1,"column":49}},"2":{"start":{"line":3,"column":0},"end":{"line":13,"column":3}},"3":{"start":{"line":5,"column":2},"end":{"line":7,"column":5}},"4":{"start":{"line":6,"column":4},"end":{"line":6,"column":60}},"5":{"start":{"line":9,"column":2},"end":{"line":12,"column":5}},"6":{"start":{"line":10,"column":4},"end":{"line":10,"column":43}},"7":{"start":{"line":11,"column":4},"end":{"line":11,"column":44}}},"branchMap":{}},"/Users/danielwork/Documents/GitHub/makers/final_project/spec/prescription_spec.js":{"path":"/Users/danielwork/Documents/GitHub/makers/final_project/spec/prescription_spec.js","s":{"1":1,"2":1,"3":1,"4":1,"5":1,"6":1,"7":1,"8":1},"b":{},"f":{"1":1,"2":1,"3":1},"fnMap":{"1":{"name":"(anonymous_1)","line":3,"loc":{"start":{"line":3,"column":38},"end":{"line":3,"column":49}}},"2":{"name":"(anonymous_2)","line":5,"loc":{"start":{"line":5,"column":13},"end":{"line":5,"column":24}}},"3":{"name":"(anonymous_3)","line":9,"loc":{"start":{"line":9,"column":96},"end":{"line":9,"column":107}}}},"statementMap":{"1":{"start":{"line":1,"column":0},"end":{"line":1,"column":53}},"2":{"start":{"line":3,"column":0},"end":{"line":14,"column":3}},"3":{"start":{"line":5,"column":2},"end":{"line":7,"column":5}},"4":{"start":{"line":6,"column":4},"end":{"line":6,"column":62}},"5":{"start":{"line":9,"column":2},"end":{"line":13,"column":5}},"6":{"start":{"line":10,"column":4},"end":{"line":10,"column":52}},"7":{"start":{"line":11,"column":4},"end":{"line":11,"column":53}},"8":{"start":{"line":12,"column":4},"end":{"line":12,"column":58}}},"branchMap":{}},"/Users/danielwork/Documents/GitHub/makers/final_project/spec/prescriptionFinder_spec.js":{"path":"/Users/danielwork/Documents/GitHub/makers/final_project/spec/prescriptionFinder_spec.js","s":{"1":1,"2":1,"3":1,"4":1,"5":4,"6":1,"7":4,"8":1,"9":4,"10":4,"11":1,"12":4,"13":1,"14":4,"15":4,"16":4,"17":4,"18":4,"19":4,"20":4,"21":1,"22":1,"23":1,"24":1,"25":1,"26":1,"27":1,"28":1,"29":1,"30":1},"b":{},"f":{"1":1,"2":4,"3":4,"4":4,"5":4,"6":4,"7":4,"8":1,"9":1,"10":1,"11":1,"12":1,"13":1},"fnMap":{"1":{"name":"(anonymous_1)","line":3,"loc":{"start":{"line":3,"column":47},"end":{"line":3,"column":58}}},"2":{"name":"(anonymous_2)","line":5,"loc":{"start":{"line":5,"column":11},"end":{"line":5,"column":22}}},"3":{"name":"Block","line":7,"loc":{"start":{"line":7,"column":2},"end":{"line":7,"column":31}}},"4":{"name":"Blockchain","line":11,"loc":{"start":{"line":11,"column":2},"end":{"line":11,"column":29}}},"5":{"name":"Prescription","line":15,"loc":{"start":{"line":15,"column":2},"end":{"line":15,"column":41}}},"6":{"name":"Patient","line":20,"loc":{"start":{"line":20,"column":2},"end":{"line":20,"column":32}}},"7":{"name":"Doctor","line":24,"loc":{"start":{"line":24,"column":2},"end":{"line":24,"column":30}}},"8":{"name":"(anonymous_8)","line":36,"loc":{"start":{"line":36,"column":40},"end":{"line":36,"column":51}}},"9":{"name":"(anonymous_9)","line":40,"loc":{"start":{"line":40,"column":71},"end":{"line":40,"column":81}}},"10":{"name":"(anonymous_10)","line":41,"loc":{"start":{"line":41,"column":11},"end":{"line":41,"column":22}}},"11":{"name":"(anonymous_11)","line":46,"loc":{"start":{"line":46,"column":49},"end":{"line":46,"column":59}}},"12":{"name":"(anonymous_12)","line":50,"loc":{"start":{"line":50,"column":77},"end":{"line":50,"column":87}}},"13":{"name":"(anonymous_13)","line":51,"loc":{"start":{"line":51,"column":11},"end":{"line":51,"column":22}}}},"statementMap":{"1":{"start":{"line":1,"column":0},"end":{"line":1,"column":52}},"2":{"start":{"line":3,"column":0},"end":{"line":55,"column":3}},"3":{"start":{"line":5,"column":0},"end":{"line":34,"column":2}},"4":{"start":{"line":7,"column":2},"end":{"line":9,"column":3}},"5":{"start":{"line":8,"column":4},"end":{"line":8,"column":36}},"6":{"start":{"line":11,"column":2},"end":{"line":13,"column":3}},"7":{"start":{"line":12,"column":4},"end":{"line":12,"column":36}},"8":{"start":{"line":15,"column":2},"end":{"line":18,"column":3}},"9":{"start":{"line":16,"column":6},"end":{"line":16,"column":28}},"10":{"start":{"line":17,"column":6},"end":{"line":17,"column":26}},"11":{"start":{"line":20,"column":2},"end":{"line":22,"column":3}},"12":{"start":{"line":21,"column":4},"end":{"line":21,"column":27}},"13":{"start":{"line":24,"column":2},"end":{"line":26,"column":3}},"14":{"start":{"line":25,"column":6},"end":{"line":25,"column":28}},"15":{"start":{"line":28,"column":2},"end":{"line":28,"column":35}},"16":{"start":{"line":29,"column":2},"end":{"line":29,"column":34}},"17":{"start":{"line":30,"column":2},"end":{"line":30,"column":63}},"18":{"start":{"line":31,"column":2},"end":{"line":31,"column":42}},"19":{"start":{"line":32,"column":2},"end":{"line":32,"column":45}},"20":{"start":{"line":33,"column":2},"end":{"line":33,"column":35}},"21":{"start":{"line":36,"column":2},"end":{"line":38,"column":5}},"22":{"start":{"line":37,"column":4},"end":{"line":37,"column":99}},"23":{"start":{"line":40,"column":2},"end":{"line":44,"column":5}},"24":{"start":{"line":41,"column":4},"end":{"line":43,"column":57}},"25":{"start":{"line":42,"column":6},"end":{"line":42,"column":70}},"26":{"start":{"line":46,"column":2},"end":{"line":48,"column":5}},"27":{"start":{"line":47,"column":4},"end":{"line":47,"column":101}},"28":{"start":{"line":50,"column":2},"end":{"line":54,"column":5}},"29":{"start":{"line":51,"column":4},"end":{"line":53,"column":50}},"30":{"start":{"line":52,"column":6},"end":{"line":52,"column":69}}},"branchMap":{}}}