TN:
SF:/Users/danielwork/Documents/GitHub/makers/final_project/spec/block_spec.js
FN:4,(anonymous_1)
FN:6,(anonymous_2)
FN:10,Prescription
FN:16,Blockchain
FN:20,(anonymous_5)
FN:24,(anonymous_6)
FN:35,(anonymous_7)
FN:39,(anonymous_8)
FN:43,(anonymous_9)
FN:47,(anonymous_10)
FN:51,(anonymous_11)
FN:60,(anonymous_12)
FN:66,(anonymous_13)
FNF:13
FNH:13
FNDA:1,(anonymous_1)
FNDA:7,(anonymous_2)
FNDA:14,Prescription
FNDA:7,Blockchain
FNDA:4,(anonymous_5)
FNDA:2,(anonymous_6)
FNDA:1,(anonymous_7)
FNDA:1,(anonymous_8)
FNDA:1,(anonymous_9)
FNDA:1,(anonymous_10)
FNDA:1,(anonymous_11)
FNDA:1,(anonymous_12)
FNDA:1,(anonymous_13)
DA:1,1
DA:2,1
DA:4,1
DA:6,1
DA:7,7
DA:8,7
DA:10,1
DA:11,14
DA:12,14
DA:13,14
DA:16,1
DA:17,7
DA:20,7
DA:21,4
DA:24,7
DA:25,2
DA:26,2
DA:27,2
DA:28,2
DA:30,7
DA:31,7
DA:32,7
DA:35,1
DA:36,1
DA:39,1
DA:40,1
DA:43,1
DA:44,1
DA:47,1
DA:48,1
DA:51,1
DA:52,1
DA:53,1
DA:54,1
DA:55,1
DA:56,1
DA:57,1
DA:60,1
DA:61,1
DA:62,1
DA:63,1
DA:66,1
DA:67,1
DA:68,1
LF:44
LH:44
BRF:0
BRH:0
end_of_record
TN:
SF:/Users/danielwork/Documents/GitHub/makers/final_project/src/block.js
FN:5,(anonymous_1)
FN:14,(anonymous_2)
FN:18,(anonymous_3)
FN:26,currentDate
FNF:4
FNH:4
FNDA:52,(anonymous_1)
FNDA:14103,(anonymous_2)
FNDA:18,(anonymous_3)
FNDA:52,currentDate
DA:1,1
DA:2,1
DA:6,52
DA:7,52
DA:8,52
DA:9,52
DA:10,52
DA:11,52
DA:15,14103
DA:19,18
DA:20,14045
DA:21,14045
DA:26,1
DA:27,52
DA:30,1
LF:15
LH:15
BRF:0
BRH:0
end_of_record
TN:
SF:/Users/danielwork/Documents/GitHub/makers/final_project/spec/chain_spec.js
FN:3,(anonymous_1)
FN:5,(anonymous_2)
FN:8,Patient
FN:13,Doctor
FN:18,Prescription
FN:24,Block
FN:33,(anonymous_7)
FN:37,(anonymous_8)
FN:41,(anonymous_9)
FN:51,(anonymous_10)
FN:55,(anonymous_11)
FN:60,(anonymous_12)
FNF:12
FNH:12
FNDA:1,(anonymous_1)
FNDA:3,(anonymous_2)
FNDA:3,Patient
FNDA:3,Doctor
FNDA:3,Prescription
FNDA:3,Block
FNDA:5,(anonymous_7)
FNDA:3,(anonymous_8)
FNDA:2,(anonymous_9)
FNDA:1,(anonymous_10)
FNDA:1,(anonymous_11)
FNDA:1,(anonymous_12)
DA:1,1
DA:3,1
DA:5,1
DA:6,3
DA:8,1
DA:9,3
DA:10,3
DA:13,1
DA:14,3
DA:15,3
DA:18,1
DA:19,3
DA:20,3
DA:21,3
DA:24,1
DA:25,3
DA:26,3
DA:27,3
DA:28,3
DA:29,3
DA:30,3
DA:33,3
DA:34,5
DA:37,3
DA:38,3
DA:41,3
DA:42,2
DA:45,3
DA:46,3
DA:47,3
DA:48,3
DA:51,1
DA:52,1
DA:55,1
DA:56,1
DA:57,1
DA:60,1
DA:61,1
DA:62,1
LF:39
LH:39
BRF:0
BRH:0
end_of_record
TN:
SF:/Users/danielwork/Documents/GitHub/makers/final_project/src/blockChain.js
FN:5,(anonymous_1)
FN:10,(anonymous_2)
FN:14,(anonymous_3)
FN:18,(anonymous_4)
FNF:4
FNH:4
FNDA:11,(anonymous_1)
FNDA:12,(anonymous_2)
FNDA:39,(anonymous_3)
FNDA:19,(anonymous_4)
DA:1,1
DA:2,1
DA:6,11
DA:7,11
DA:11,12
DA:15,39
DA:19,19
DA:20,19
DA:21,19
DA:22,19
DA:26,1
LF:11
LH:11
BRF:0
BRH:0
end_of_record
TN:
SF:/Users/danielwork/Documents/GitHub/makers/final_project/src/prescription.js
FN:6,(anonymous_1)
FNF:1
FNH:1
FNDA:29,(anonymous_1)
DA:1,1
DA:2,1
DA:3,1
DA:7,29
DA:8,29
DA:9,29
DA:12,1
LF:7
LH:7
BRF:0
BRH:0
end_of_record
TN:
SF:/Users/danielwork/Documents/GitHub/makers/final_project/src/patient.js
FN:2,(anonymous_1)
FNF:1
FNH:1
FNDA:30,(anonymous_1)
DA:3,30
DA:4,30
DA:7,1
LF:3
LH:3
BRF:0
BRH:0
end_of_record
TN:
SF:/Users/danielwork/Documents/GitHub/makers/final_project/src/pharmacist.js
FN:2,(anonymous_1)
FNF:1
FNH:1
FNDA:1,(anonymous_1)
DA:3,1
DA:4,1
DA:7,1
LF:3
LH:3
BRF:0
BRH:0
end_of_record
TN:
SF:/Users/danielwork/Documents/GitHub/makers/final_project/src/doctor.js
FN:2,(anonymous_1)
FNF:1
FNH:1
FNDA:30,(anonymous_1)
DA:3,30
DA:4,30
DA:7,1
LF:3
LH:3
BRF:0
BRH:0
end_of_record
TN:
SF:/Users/danielwork/Documents/GitHub/makers/final_project/spec/chainChecker_spec.js
FN:3,(anonymous_1)
FN:4,(anonymous_2)
FN:5,Block
FN:10,(anonymous_4)
FN:16,Blockchain
FN:24,(anonymous_6)
FN:26,(anonymous_7)
FN:31,(anonymous_8)
FN:33,(anonymous_9)
FN:38,(anonymous_10)
FN:40,(anonymous_11)
FN:45,(anonymous_12)
FNF:12
FNH:12
FNDA:1,(anonymous_1)
FNDA:4,(anonymous_2)
FNDA:8,Block
FNDA:12,(anonymous_4)
FNDA:4,Blockchain
FNDA:1,(anonymous_6)
FNDA:1,(anonymous_7)
FNDA:1,(anonymous_8)
FNDA:1,(anonymous_9)
FNDA:1,(anonymous_10)
FNDA:1,(anonymous_11)
FNDA:1,(anonymous_12)
DA:1,1
DA:3,1
DA:4,1
DA:5,1
DA:6,8
DA:7,8
DA:8,8
DA:10,4
DA:11,12
DA:13,4
DA:14,4
DA:16,1
DA:17,4
DA:18,4
DA:20,4
DA:21,4
DA:24,1
DA:25,1
DA:26,1
DA:27,1
DA:31,1
DA:32,1
DA:33,1
DA:34,1
DA:38,1
DA:39,1
DA:40,1
DA:41,1
DA:45,1
DA:46,1
LF:30
LH:30
BRF:0
BRH:0
end_of_record
TN:
SF:/Users/danielwork/Documents/GitHub/makers/final_project/src/chainChecker.js
FN:5,(anonymous_1)
FN:7,(anonymous_2)
FNF:2
FNH:2
FNDA:12,(anonymous_1)
FNDA:6,(anonymous_2)
DA:1,1
DA:8,6
DA:9,7
DA:10,7
DA:12,7
DA:13,2
DA:16,5
DA:17,1
DA:20,4
DA:21,1
DA:24,2
DA:28,1
LF:12
LH:12
BRDA:12,1,0,2
BRDA:12,1,1,5
BRDA:16,2,0,1
BRDA:16,2,1,4
BRDA:20,3,0,1
BRDA:20,3,1,3
BRF:6
BRH:6
end_of_record
TN:
SF:/Users/danielwork/Documents/GitHub/makers/final_project/spec/doctor_spec.js
FN:3,(anonymous_1)
FN:5,(anonymous_2)
FN:9,(anonymous_3)
FNF:3
FNH:3
FNDA:1,(anonymous_1)
FNDA:1,(anonymous_2)
FNDA:1,(anonymous_3)
DA:1,1
DA:3,1
DA:5,1
DA:6,1
DA:9,1
DA:10,1
DA:11,1
LF:7
LH:7
BRF:0
BRH:0
end_of_record
TN:
SF:/Users/danielwork/Documents/GitHub/makers/final_project/spec/integration_spec.js
FN:8,(anonymous_1)
FN:10,(anonymous_2)
FN:23,(anonymous_3)
FN:25,(anonymous_4)
FN:30,(anonymous_5)
FN:32,(anonymous_6)
FN:36,(anonymous_7)
FN:39,(anonymous_8)
FN:45,(anonymous_9)
FN:47,(anonymous_10)
FN:51,(anonymous_11)
FN:52,(anonymous_12)
FN:57,(anonymous_13)
FN:61,(anonymous_14)
FN:62,(anonymous_15)
FN:68,(anonymous_16)
FN:70,(anonymous_17)
FN:76,(anonymous_18)
FNF:18
FNH:18
FNDA:1,(anonymous_1)
FNDA:8,(anonymous_2)
FNDA:1,(anonymous_3)
FNDA:1,(anonymous_4)
FNDA:1,(anonymous_5)
FNDA:1,(anonymous_6)
FNDA:1,(anonymous_7)
FNDA:1,(anonymous_8)
FNDA:1,(anonymous_9)
FNDA:1,(anonymous_10)
FNDA:1,(anonymous_11)
FNDA:1,(anonymous_12)
FNDA:1,(anonymous_13)
FNDA:1,(anonymous_14)
FNDA:1,(anonymous_15)
FNDA:1,(anonymous_16)
FNDA:1,(anonymous_17)
FNDA:1,(anonymous_18)
DA:1,1
DA:2,1
DA:3,1
DA:4,1
DA:5,1
DA:6,1
DA:8,1
DA:10,1
DA:11,8
DA:12,8
DA:13,8
DA:14,8
DA:15,8
DA:16,8
DA:17,8
DA:18,8
DA:19,8
DA:20,8
DA:23,1
DA:25,1
DA:26,1
DA:30,1
DA:32,1
DA:33,1
DA:36,1
DA:37,1
DA:38,1
DA:39,1
DA:40,1
DA:45,1
DA:47,1
DA:48,1
DA:51,1
DA:52,1
DA:53,1
DA:57,1
DA:58,1
DA:61,1
DA:62,1
DA:63,1
DA:68,1
DA:70,1
DA:71,1
DA:72,1
DA:73,1
DA:76,1
DA:77,1
LF:47
LH:47
BRF:0
BRH:0
end_of_record
TN:
SF:/Users/danielwork/Documents/GitHub/makers/final_project/src/prescriptionFinder.js
FN:5,(anonymous_1)
FN:7,(anonymous_2)
FN:21,(anonymous_3)
FNF:3
FNH:3
FNDA:12,(anonymous_1)
FNDA:4,(anonymous_2)
FNDA:4,(anonymous_3)
DA:1,1
DA:8,4
DA:9,4
DA:10,6
DA:11,6
DA:12,3
DA:15,4
DA:16,2
DA:18,2
DA:22,4
DA:23,4
DA:24,6
DA:25,6
DA:26,3
DA:29,4
DA:30,2
DA:32,2
DA:36,1
LF:18
LH:18
BRDA:11,1,0,3
BRDA:11,1,1,3
BRDA:15,2,0,2
BRDA:15,2,1,2
BRDA:25,3,0,3
BRDA:25,3,1,3
BRDA:29,4,0,2
BRDA:29,4,1,2
BRF:8
BRH:8
end_of_record
TN:
SF:/Users/danielwork/Documents/GitHub/makers/final_project/spec/patient_spec.js
FN:3,(anonymous_1)
FN:5,(anonymous_2)
FN:9,(anonymous_3)
FNF:3
FNH:3
FNDA:1,(anonymous_1)
FNDA:1,(anonymous_2)
FNDA:1,(anonymous_3)
DA:1,1
DA:3,1
DA:5,1
DA:6,1
DA:9,1
DA:10,1
DA:11,1
LF:7
LH:7
BRF:0
BRH:0
end_of_record
TN:
SF:/Users/danielwork/Documents/GitHub/makers/final_project/spec/pharmacist_spec.js
FN:3,(anonymous_1)
FN:5,(anonymous_2)
FN:9,(anonymous_3)
FNF:3
FNH:3
FNDA:1,(anonymous_1)
FNDA:1,(anonymous_2)
FNDA:1,(anonymous_3)
DA:1,1
DA:3,1
DA:5,1
DA:6,1
DA:9,1
DA:10,1
DA:11,1
LF:7
LH:7
BRF:0
BRH:0
end_of_record
TN:
SF:/Users/danielwork/Documents/GitHub/makers/final_project/spec/prescription_spec.js
FN:3,(anonymous_1)
FN:5,(anonymous_2)
FN:9,(anonymous_3)
FNF:3
FNH:3
FNDA:1,(anonymous_1)
FNDA:1,(anonymous_2)
FNDA:1,(anonymous_3)
DA:1,1
DA:3,1
DA:5,1
DA:6,1
DA:9,1
DA:10,1
DA:11,1
DA:12,1
LF:8
LH:8
BRF:0
BRH:0
end_of_record
TN:
SF:/Users/danielwork/Documents/GitHub/makers/final_project/spec/prescriptionFinder_spec.js
FN:3,(anonymous_1)
FN:5,(anonymous_2)
FN:7,Block
FN:11,Blockchain
FN:15,Prescription
FN:20,Patient
FN:24,Doctor
FN:36,(anonymous_8)
FN:40,(anonymous_9)
FN:41,(anonymous_10)
FN:46,(anonymous_11)
FN:50,(anonymous_12)
FN:51,(anonymous_13)
FNF:13
FNH:13
FNDA:1,(anonymous_1)
FNDA:4,(anonymous_2)
FNDA:4,Block
FNDA:4,Blockchain
FNDA:4,Prescription
FNDA:4,Patient
FNDA:4,Doctor
FNDA:1,(anonymous_8)
FNDA:1,(anonymous_9)
FNDA:1,(anonymous_10)
FNDA:1,(anonymous_11)
FNDA:1,(anonymous_12)
FNDA:1,(anonymous_13)
DA:1,1
DA:3,1
DA:5,1
DA:7,1
DA:8,4
DA:11,1
DA:12,4
DA:15,1
DA:16,4
DA:17,4
DA:20,1
DA:21,4
DA:24,1
DA:25,4
DA:28,4
DA:29,4
DA:30,4
DA:31,4
DA:32,4
DA:33,4
DA:36,1
DA:37,1
DA:40,1
DA:41,1
DA:42,1
DA:46,1
DA:47,1
DA:50,1
DA:51,1
DA:52,1
LF:30
LH:30
BRF:0
BRH:0
end_of_record
